[2019-12-14 15:15:49] local.ERROR: Declaration of App\Exceptions\Handler::unauthenticated($request, App\Exceptions\AuthenticationException $exception) should be compatible with Illuminate\Foundation\Exceptions\Handler::unauthenticated($request, Illuminate\Auth\AuthenticationException $exception) {"exception":"[object] (ErrorException(code: 0): Declaration of App\\Exceptions\\Handler::unauthenticated($request, App\\Exceptions\\AuthenticationException $exception) should be compatible with Illuminate\\Foundation\\Exceptions\\Handler::unauthenticated($request, Illuminate\\Auth\\AuthenticationException $exception) at F:\\University\\app\\Exceptions\\Handler.php:8)
[stacktrace]
#0 F:\\University\\app\\Exceptions\\Handler.php(8): Illuminate\\Foundation\\Bootstrap\\HandleExceptions->handleError(2, 'Declaration of ...', 'F:\\\\University\\\\a...', 8, Array)
#1 F:\\University\\vendor\\composer\\ClassLoader.php(444): include('F:\\\\University\\\\a...')
#2 F:\\University\\vendor\\composer\\ClassLoader.php(322): Composer\\Autoload\\includeFile('F:\\\\University\\\\v...')
#3 [internal function]: Composer\\Autoload\\ClassLoader->loadClass('App\\\\Exceptions\\\\...')
#4 [internal function]: spl_autoload_call('App\\\\Exceptions\\\\...')
#5 F:\\University\\vendor\\laravel\\framework\\src\\Illuminate\\Container\\Container.php(803): ReflectionClass->__construct('App\\\\Exceptions\\\\...')
#6 F:\\University\\vendor\\laravel\\framework\\src\\Illuminate\\Container\\Container.php(681): Illuminate\\Container\\Container->build('App\\\\Exceptions\\\\...')
#7 F:\\University\\vendor\\laravel\\framework\\src\\Illuminate\\Container\\Container.php(265): Illuminate\\Container\\Container->resolve('App\\\\Exceptions\\\\...', Array, false)
#8 F:\\University\\vendor\\laravel\\framework\\src\\Illuminate\\Container\\Container.php(799): Illuminate\\Container\\Container->Illuminate\\Container\\{closure}(Object(Illuminate\\Foundation\\Application), Array)
#9 F:\\University\\vendor\\laravel\\framework\\src\\Illuminate\\Container\\Container.php(681): Illuminate\\Container\\Container->build(Object(Closure))
#10 F:\\University\\vendor\\laravel\\framework\\src\\Illuminate\\Container\\Container.php(629): Illuminate\\Container\\Container->resolve('Illuminate\\\\Cont...', Array)
#11 F:\\University\\vendor\\laravel\\framework\\src\\Illuminate\\Foundation\\Application.php(769): Illuminate\\Container\\Container->make('Illuminate\\\\Cont...', Array)
#12 F:\\University\\vendor\\laravel\\framework\\src\\Illuminate\\Routing\\Pipeline.php(47): Illuminate\\Foundation\\Application->make('Illuminate\\\\Cont...')
#13 F:\\University\\vendor\\laravel\\framework\\src\\Illuminate\\Pipeline\\Pipeline.php(132): Illuminate\\Routing\\Pipeline->handleException(Object(Illuminate\\Http\\Request), Object(Symfony\\Component\\HttpKernel\\Exception\\NotFoundHttpException))
#14 F:\\University\\vendor\\laravel\\framework\\src\\Illuminate\\Foundation\\Http\\Middleware\\TransformsRequest.php(21): Illuminate\\Pipeline\\Pipeline->Illuminate\\Pipeline\\{closure}(Object(Illuminate\\Http\\Request))
#15 F:\\University\\vendor\\laravel\\framework\\src\\Illuminate\\Pipeline\\Pipeline.php(171): Illuminate\\Foundation\\Http\\Middleware\\TransformsRequest->handle(Object(Illuminate\\Http\\Request), Object(Closure))
#16 F:\\University\\vendor\\laravel\\framework\\src\\Illuminate\\Foundation\\Http\\Middleware\\TransformsRequest.php(21): Illuminate\\Pipeline\\Pipeline->Illuminate\\Pipeline\\{closure}(Object(Illuminate\\Http\\Request))
#17 F:\\University\\vendor\\laravel\\framework\\src\\Illuminate\\Pipeline\\Pipeline.php(171): Illuminate\\Foundation\\Http\\Middleware\\TransformsRequest->handle(Object(Illuminate\\Http\\Request), Object(Closure))
#18 F:\\University\\vendor\\laravel\\framework\\src\\Illuminate\\Foundation\\Http\\Middleware\\ValidatePostSize.php(27): Illuminate\\Pipeline\\Pipeline->Illuminate\\Pipeline\\{closure}(Object(Illuminate\\Http\\Request))
#19 F:\\University\\vendor\\laravel\\framework\\src\\Illuminate\\Pipeline\\Pipeline.php(171): Illuminate\\Foundation\\Http\\Middleware\\ValidatePostSize->handle(Object(Illuminate\\Http\\Request), Object(Closure))
#20 F:\\University\\vendor\\laravel\\framework\\src\\Illuminate\\Foundation\\Http\\Middleware\\CheckForMaintenanceMode.php(62): Illuminate\\Pipeline\\Pipeline->Illuminate\\Pipeline\\{closure}(Object(Illuminate\\Http\\Request))
#21 F:\\University\\vendor\\laravel\\framework\\src\\Illuminate\\Pipeline\\Pipeline.php(171): Illuminate\\Foundation\\Http\\Middleware\\CheckForMaintenanceMode->handle(Object(Illuminate\\Http\\Request), Object(Closure))
#22 F:\\University\\vendor\\fideloper\\proxy\\src\\TrustProxies.php(57): Illuminate\\Pipeline\\Pipeline->Illuminate\\Pipeline\\{closure}(Object(Illuminate\\Http\\Request))
#23 F:\\University\\vendor\\laravel\\framework\\src\\Illuminate\\Pipeline\\Pipeline.php(171): Fideloper\\Proxy\\TrustProxies->handle(Object(Illuminate\\Http\\Request), Object(Closure))
#24 F:\\University\\vendor\\laravel\\framework\\src\\Illuminate\\Pipeline\\Pipeline.php(105): Illuminate\\Pipeline\\Pipeline->Illuminate\\Pipeline\\{closure}(Object(Illuminate\\Http\\Request))
#25 F:\\University\\vendor\\laravel\\framework\\src\\Illuminate\\Foundation\\Http\\Kernel.php(152): Illuminate\\Pipeline\\Pipeline->then(Object(Closure))
#26 F:\\University\\vendor\\laravel\\framework\\src\\Illuminate\\Foundation\\Http\\Kernel.php(117): Illuminate\\Foundation\\Http\\Kernel->sendRequestThroughRouter(Object(Illuminate\\Http\\Request))
#27 F:\\University\\public\\index.php(55): Illuminate\\Foundation\\Http\\Kernel->handle(Object(Illuminate\\Http\\Request))
#28 F:\\University\\server.php(21): require_once('F:\\\\University\\\\p...')
#29 {main}
"} 
[2019-12-14 15:15:53] local.ERROR: Declaration of App\Exceptions\Handler::unauthenticated($request, App\Exceptions\AuthenticationException $exception) should be compatible with Illuminate\Foundation\Exceptions\Handler::unauthenticated($request, Illuminate\Auth\AuthenticationException $exception) {"exception":"[object] (ErrorException(code: 0): Declaration of App\\Exceptions\\Handler::unauthenticated($request, App\\Exceptions\\AuthenticationException $exception) should be compatible with Illuminate\\Foundation\\Exceptions\\Handler::unauthenticated($request, Illuminate\\Auth\\AuthenticationException $exception) at F:\\University\\app\\Exceptions\\Handler.php:8)
[stacktrace]
#0 F:\\University\\app\\Exceptions\\Handler.php(8): Illuminate\\Foundation\\Bootstrap\\HandleExceptions->handleError(2, 'Declaration of ...', 'F:\\\\University\\\\a...', 8, Array)
#1 F:\\University\\vendor\\composer\\ClassLoader.php(444): include('F:\\\\University\\\\a...')
#2 F:\\University\\vendor\\composer\\ClassLoader.php(322): Composer\\Autoload\\includeFile('F:\\\\University\\\\v...')
#3 [internal function]: Composer\\Autoload\\ClassLoader->loadClass('App\\\\Exceptions\\\\...')
#4 [internal function]: spl_autoload_call('App\\\\Exceptions\\\\...')
#5 F:\\University\\vendor\\laravel\\framework\\src\\Illuminate\\Container\\Container.php(803): ReflectionClass->__construct('App\\\\Exceptions\\\\...')
#6 F:\\University\\vendor\\laravel\\framework\\src\\Illuminate\\Container\\Container.php(681): Illuminate\\Container\\Container->build('App\\\\Exceptions\\\\...')
#7 F:\\University\\vendor\\laravel\\framework\\src\\Illuminate\\Container\\Container.php(265): Illuminate\\Container\\Container->resolve('App\\\\Exceptions\\\\...', Array, false)
#8 F:\\University\\vendor\\laravel\\framework\\src\\Illuminate\\Container\\Container.php(799): Illuminate\\Container\\Container->Illuminate\\Container\\{closure}(Object(Illuminate\\Foundation\\Application), Array)
#9 F:\\University\\vendor\\laravel\\framework\\src\\Illuminate\\Container\\Container.php(681): Illuminate\\Container\\Container->build(Object(Closure))
#10 F:\\University\\vendor\\laravel\\framework\\src\\Illuminate\\Container\\Container.php(629): Illuminate\\Container\\Container->resolve('Illuminate\\\\Cont...', Array)
#11 F:\\University\\vendor\\laravel\\framework\\src\\Illuminate\\Foundation\\Application.php(769): Illuminate\\Container\\Container->make('Illuminate\\\\Cont...', Array)
#12 F:\\University\\vendor\\laravel\\framework\\src\\Illuminate\\Container\\Container.php(1245): Illuminate\\Foundation\\Application->make('Illuminate\\\\Cont...')
#13 F:\\University\\vendor\\laravel\\framework\\src\\Illuminate\\Queue\\QueueServiceProvider.php(174): Illuminate\\Container\\Container->offsetGet('Illuminate\\\\Cont...')
#14 F:\\University\\vendor\\laravel\\framework\\src\\Illuminate\\Container\\Container.php(799): Illuminate\\Queue\\QueueServiceProvider->Illuminate\\Queue\\{closure}(Object(Illuminate\\Foundation\\Application), Array)
#15 F:\\University\\vendor\\laravel\\framework\\src\\Illuminate\\Container\\Container.php(681): Illuminate\\Container\\Container->build(Object(Closure))
#16 F:\\University\\vendor\\laravel\\framework\\src\\Illuminate\\Container\\Container.php(629): Illuminate\\Container\\Container->resolve('queue.worker', Array)
#17 F:\\University\\vendor\\laravel\\framework\\src\\Illuminate\\Foundation\\Application.php(769): Illuminate\\Container\\Container->make('queue.worker', Array)
#18 F:\\University\\vendor\\laravel\\framework\\src\\Illuminate\\Container\\Container.php(1245): Illuminate\\Foundation\\Application->make('queue.worker')
#19 F:\\University\\vendor\\laravel\\framework\\src\\Illuminate\\Foundation\\Providers\\ArtisanServiceProvider.php(677): Illuminate\\Container\\Container->offsetGet('queue.worker')
#20 F:\\University\\vendor\\laravel\\framework\\src\\Illuminate\\Container\\Container.php(799): Illuminate\\Foundation\\Providers\\ArtisanServiceProvider->Illuminate\\Foundation\\Providers\\{closure}(Object(Illuminate\\Foundation\\Application), Array)
#21 F:\\University\\vendor\\laravel\\framework\\src\\Illuminate\\Container\\Container.php(681): Illuminate\\Container\\Container->build(Object(Closure))
#22 F:\\University\\vendor\\laravel\\framework\\src\\Illuminate\\Container\\Container.php(629): Illuminate\\Container\\Container->resolve('command.queue.w...', Array)
#23 F:\\University\\vendor\\laravel\\framework\\src\\Illuminate\\Foundation\\Application.php(769): Illuminate\\Container\\Container->make('command.queue.w...', Array)
#24 F:\\University\\vendor\\laravel\\framework\\src\\Illuminate\\Console\\Application.php(261): Illuminate\\Foundation\\Application->make('command.queue.w...')
#25 F:\\University\\vendor\\laravel\\framework\\src\\Illuminate\\Console\\Application.php(275): Illuminate\\Console\\Application->resolve('command.queue.w...')
#26 F:\\University\\vendor\\laravel\\framework\\src\\Illuminate\\Support\\ServiceProvider.php(275): Illuminate\\Console\\Application->resolveCommands(Array)
#27 F:\\University\\vendor\\laravel\\framework\\src\\Illuminate\\Console\\Application.php(152): Illuminate\\Support\\ServiceProvider->Illuminate\\Support\\{closure}(Object(Illuminate\\Console\\Application))
#28 F:\\University\\vendor\\laravel\\framework\\src\\Illuminate\\Console\\Application.php(75): Illuminate\\Console\\Application->bootstrap()
#29 F:\\University\\vendor\\laravel\\framework\\src\\Illuminate\\Foundation\\Console\\Kernel.php(340): Illuminate\\Console\\Application->__construct(Object(Illuminate\\Foundation\\Application), Object(Illuminate\\Events\\Dispatcher), '6.7.0')
#30 F:\\University\\vendor\\laravel\\framework\\src\\Illuminate\\Foundation\\Console\\Kernel.php(273): Illuminate\\Foundation\\Console\\Kernel->getArtisan()
#31 F:\\University\\vendor\\laravel\\framework\\src\\Illuminate\\Support\\Facades\\Facade.php(261): Illuminate\\Foundation\\Console\\Kernel->call('help', Array)
#32 F:\\University\\vendor\\facade\\ignition\\src\\Http\\Controllers\\HealthCheckController.php(19): Illuminate\\Support\\Facades\\Facade::__callStatic('call', Array)
#33 F:\\University\\vendor\\facade\\ignition\\src\\Http\\Controllers\\HealthCheckController.php(13): Facade\\Ignition\\Http\\Controllers\\HealthCheckController->canExecuteCommands()
#34 F:\\University\\vendor\\laravel\\framework\\src\\Illuminate\\Routing\\ControllerDispatcher.php(48): Facade\\Ignition\\Http\\Controllers\\HealthCheckController->__invoke()
#35 F:\\University\\vendor\\laravel\\framework\\src\\Illuminate\\Routing\\Route.php(219): Illuminate\\Routing\\ControllerDispatcher->dispatch(Object(Illuminate\\Routing\\Route), Object(Facade\\Ignition\\Http\\Controllers\\HealthCheckController), '__invoke')
#36 F:\\University\\vendor\\laravel\\framework\\src\\Illuminate\\Routing\\Route.php(176): Illuminate\\Routing\\Route->runController()
#37 F:\\University\\vendor\\laravel\\framework\\src\\Illuminate\\Routing\\Router.php(681): Illuminate\\Routing\\Route->run()
#38 F:\\University\\vendor\\laravel\\framework\\src\\Illuminate\\Pipeline\\Pipeline.php(130): Illuminate\\Routing\\Router->Illuminate\\Routing\\{closure}(Object(Illuminate\\Http\\Request))
#39 F:\\University\\vendor\\facade\\ignition\\src\\Http\\Middleware\\IgnitionEnabled.php(23): Illuminate\\Pipeline\\Pipeline->Illuminate\\Pipeline\\{closure}(Object(Illuminate\\Http\\Request))
#40 F:\\University\\vendor\\laravel\\framework\\src\\Illuminate\\Pipeline\\Pipeline.php(171): Facade\\Ignition\\Http\\Middleware\\IgnitionEnabled->handle(Object(Illuminate\\Http\\Request), Object(Closure))
#41 F:\\University\\vendor\\laravel\\framework\\src\\Illuminate\\Pipeline\\Pipeline.php(105): Illuminate\\Pipeline\\Pipeline->Illuminate\\Pipeline\\{closure}(Object(Illuminate\\Http\\Request))
#42 F:\\University\\vendor\\laravel\\framework\\src\\Illuminate\\Routing\\Router.php(683): Illuminate\\Pipeline\\Pipeline->then(Object(Closure))
#43 F:\\University\\vendor\\laravel\\framework\\src\\Illuminate\\Routing\\Router.php(658): Illuminate\\Routing\\Router->runRouteWithinStack(Object(Illuminate\\Routing\\Route), Object(Illuminate\\Http\\Request))
#44 F:\\University\\vendor\\laravel\\framework\\src\\Illuminate\\Routing\\Router.php(624): Illuminate\\Routing\\Router->runRoute(Object(Illuminate\\Http\\Request), Object(Illuminate\\Routing\\Route))
#45 F:\\University\\vendor\\laravel\\framework\\src\\Illuminate\\Routing\\Router.php(613): Illuminate\\Routing\\Router->dispatchToRoute(Object(Illuminate\\Http\\Request))
#46 F:\\University\\vendor\\laravel\\framework\\src\\Illuminate\\Foundation\\Http\\Kernel.php(177): Illuminate\\Routing\\Router->dispatch(Object(Illuminate\\Http\\Request))
#47 F:\\University\\vendor\\laravel\\framework\\src\\Illuminate\\Pipeline\\Pipeline.php(130): Illuminate\\Foundation\\Http\\Kernel->Illuminate\\Foundation\\Http\\{closure}(Object(Illuminate\\Http\\Request))
#48 F:\\University\\vendor\\laravel\\framework\\src\\Illuminate\\Foundation\\Http\\Middleware\\TransformsRequest.php(21): Illuminate\\Pipeline\\Pipeline->Illuminate\\Pipeline\\{closure}(Object(Illuminate\\Http\\Request))
#49 F:\\University\\vendor\\laravel\\framework\\src\\Illuminate\\Pipeline\\Pipeline.php(171): Illuminate\\Foundation\\Http\\Middleware\\TransformsRequest->handle(Object(Illuminate\\Http\\Request), Object(Closure))
#50 F:\\University\\vendor\\laravel\\framework\\src\\Illuminate\\Foundation\\Http\\Middleware\\TransformsRequest.php(21): Illuminate\\Pipeline\\Pipeline->Illuminate\\Pipeline\\{closure}(Object(Illuminate\\Http\\Request))
#51 F:\\University\\vendor\\laravel\\framework\\src\\Illuminate\\Pipeline\\Pipeline.php(171): Illuminate\\Foundation\\Http\\Middleware\\TransformsRequest->handle(Object(Illuminate\\Http\\Request), Object(Closure))
#52 F:\\University\\vendor\\laravel\\framework\\src\\Illuminate\\Foundation\\Http\\Middleware\\ValidatePostSize.php(27): Illuminate\\Pipeline\\Pipeline->Illuminate\\Pipeline\\{closure}(Object(Illuminate\\Http\\Request))
#53 F:\\University\\vendor\\laravel\\framework\\src\\Illuminate\\Pipeline\\Pipeline.php(171): Illuminate\\Foundation\\Http\\Middleware\\ValidatePostSize->handle(Object(Illuminate\\Http\\Request), Object(Closure))
#54 F:\\University\\vendor\\laravel\\framework\\src\\Illuminate\\Foundation\\Http\\Middleware\\CheckForMaintenanceMode.php(62): Illuminate\\Pipeline\\Pipeline->Illuminate\\Pipeline\\{closure}(Object(Illuminate\\Http\\Request))
#55 F:\\University\\vendor\\laravel\\framework\\src\\Illuminate\\Pipeline\\Pipeline.php(171): Illuminate\\Foundation\\Http\\Middleware\\CheckForMaintenanceMode->handle(Object(Illuminate\\Http\\Request), Object(Closure))
#56 F:\\University\\vendor\\fideloper\\proxy\\src\\TrustProxies.php(57): Illuminate\\Pipeline\\Pipeline->Illuminate\\Pipeline\\{closure}(Object(Illuminate\\Http\\Request))
#57 F:\\University\\vendor\\laravel\\framework\\src\\Illuminate\\Pipeline\\Pipeline.php(171): Fideloper\\Proxy\\TrustProxies->handle(Object(Illuminate\\Http\\Request), Object(Closure))
#58 F:\\University\\vendor\\laravel\\framework\\src\\Illuminate\\Pipeline\\Pipeline.php(105): Illuminate\\Pipeline\\Pipeline->Illuminate\\Pipeline\\{closure}(Object(Illuminate\\Http\\Request))
#59 F:\\University\\vendor\\laravel\\framework\\src\\Illuminate\\Foundation\\Http\\Kernel.php(152): Illuminate\\Pipeline\\Pipeline->then(Object(Closure))
#60 F:\\University\\vendor\\laravel\\framework\\src\\Illuminate\\Foundation\\Http\\Kernel.php(117): Illuminate\\Foundation\\Http\\Kernel->sendRequestThroughRouter(Object(Illuminate\\Http\\Request))
#61 F:\\University\\public\\index.php(55): Illuminate\\Foundation\\Http\\Kernel->handle(Object(Illuminate\\Http\\Request))
#62 F:\\University\\server.php(21): require_once('F:\\\\University\\\\p...')
#63 {main}
"} 
[2019-12-14 15:23:04] local.ERROR: Declaration of App\Exceptions\Handler::unauthenticated($request, App\Exceptions\AuthenticationException $exception) should be compatible with Illuminate\Foundation\Exceptions\Handler::unauthenticated($request, Illuminate\Auth\AuthenticationException $exception) {"exception":"[object] (ErrorException(code: 0): Declaration of App\\Exceptions\\Handler::unauthenticated($request, App\\Exceptions\\AuthenticationException $exception) should be compatible with Illuminate\\Foundation\\Exceptions\\Handler::unauthenticated($request, Illuminate\\Auth\\AuthenticationException $exception) at F:\\University\\app\\Exceptions\\Handler.php:8)
[stacktrace]
#0 F:\\University\\app\\Exceptions\\Handler.php(8): Illuminate\\Foundation\\Bootstrap\\HandleExceptions->handleError(2, 'Declaration of ...', 'F:\\\\University\\\\a...', 8, Array)
#1 F:\\University\\vendor\\composer\\ClassLoader.php(444): include('F:\\\\University\\\\a...')
#2 F:\\University\\vendor\\composer\\ClassLoader.php(322): Composer\\Autoload\\includeFile('F:\\\\University\\\\v...')
#3 [internal function]: Composer\\Autoload\\ClassLoader->loadClass('App\\\\Exceptions\\\\...')
#4 [internal function]: spl_autoload_call('App\\\\Exceptions\\\\...')
#5 F:\\University\\vendor\\laravel\\framework\\src\\Illuminate\\Container\\Container.php(803): ReflectionClass->__construct('App\\\\Exceptions\\\\...')
#6 F:\\University\\vendor\\laravel\\framework\\src\\Illuminate\\Container\\Container.php(681): Illuminate\\Container\\Container->build('App\\\\Exceptions\\\\...')
#7 F:\\University\\vendor\\laravel\\framework\\src\\Illuminate\\Container\\Container.php(265): Illuminate\\Container\\Container->resolve('App\\\\Exceptions\\\\...', Array, false)
#8 F:\\University\\vendor\\laravel\\framework\\src\\Illuminate\\Container\\Container.php(799): Illuminate\\Container\\Container->Illuminate\\Container\\{closure}(Object(Illuminate\\Foundation\\Application), Array)
#9 F:\\University\\vendor\\laravel\\framework\\src\\Illuminate\\Container\\Container.php(681): Illuminate\\Container\\Container->build(Object(Closure))
#10 F:\\University\\vendor\\laravel\\framework\\src\\Illuminate\\Container\\Container.php(629): Illuminate\\Container\\Container->resolve('Illuminate\\\\Cont...', Array)
#11 F:\\University\\vendor\\laravel\\framework\\src\\Illuminate\\Foundation\\Application.php(769): Illuminate\\Container\\Container->make('Illuminate\\\\Cont...', Array)
#12 F:\\University\\vendor\
unomaduro\\collision\\src\\Adapters\\Laravel\\CollisionServiceProvider.php(44): Illuminate\\Foundation\\Application->make('Illuminate\\\\Cont...')
#13 F:\\University\\vendor\\laravel\\framework\\src\\Illuminate\\Foundation\\Application.php(609): NunoMaduro\\Collision\\Adapters\\Laravel\\CollisionServiceProvider->register()
#14 F:\\University\\vendor\\laravel\\framework\\src\\Illuminate\\Foundation\\ProviderRepository.php(75): Illuminate\\Foundation\\Application->register(Object(NunoMaduro\\Collision\\Adapters\\Laravel\\CollisionServiceProvider))
#15 F:\\University\\vendor\\laravel\\framework\\src\\Illuminate\\Foundation\\Application.php(586): Illuminate\\Foundation\\ProviderRepository->load(Array)
#16 F:\\University\\vendor\\laravel\\framework\\src\\Illuminate\\Foundation\\Bootstrap\\RegisterProviders.php(17): Illuminate\\Foundation\\Application->registerConfiguredProviders()
#17 F:\\University\\vendor\\laravel\\framework\\src\\Illuminate\\Foundation\\Application.php(212): Illuminate\\Foundation\\Bootstrap\\RegisterProviders->bootstrap(Object(Illuminate\\Foundation\\Application))
#18 F:\\University\\vendor\\laravel\\framework\\src\\Illuminate\\Foundation\\Console\\Kernel.php(320): Illuminate\\Foundation\\Application->bootstrapWith(Array)
#19 F:\\University\\vendor\\laravel\\framework\\src\\Illuminate\\Foundation\\Console\\Kernel.php(129): Illuminate\\Foundation\\Console\\Kernel->bootstrap()
#20 F:\\University\\artisan(37): Illuminate\\Foundation\\Console\\Kernel->handle(Object(Symfony\\Component\\Console\\Input\\ArgvInput), Object(Symfony\\Component\\Console\\Output\\ConsoleOutput))
#21 {main}
"} 
